<?xml version="1.0" encoding="UTF-8"?>
<testng-results ignored="0" total="1" passed="1" failed="0" skipped="0">
  <reporter-output>
  </reporter-output>
  <suite started-at="2022-11-17T16:53:54 IST" name="Command line suite" finished-at="2022-11-17T16:53:54 IST" duration-ms="47">
    <groups>
    </groups>
    <test started-at="2022-11-17T16:53:54 IST" name="Command line test" finished-at="2022-11-17T16:53:54 IST" duration-ms="47">
      <class name="testNG.Maven_Github.AppTest">
        <test-method signature="testApp()[pri:0, instance:testApp(testNG.Maven_Github.AppTest)]" started-at="2022-11-17T16:53:54 IST" name="testApp" finished-at="2022-11-17T16:53:54 IST" duration-ms="0" status="PASS">
          <reporter-output>
          </reporter-output>
        </test-method> <!-- testApp -->
      </class> <!-- testNG.Maven_Github.AppTest -->
    </test> <!-- Command line test -->
  </suite> <!-- Command line suite -->
</testng-results>
