<?xml version="1.0" encoding="UTF-8"?>
<!-- Generated by org.testng.reporters.JUnitXMLReporter -->
<testsuite ignored="2" hostname="DESKTOP-7T671AG" failures="0" tests="2" name="Test" time="0.219" errors="0" timestamp="2022-11-17T16:52:13 IST">
  <testcase classname="practice_package.Sample2Test" name="est3" time="0.0"/>
  <testcase classname="practice_package.Sample1Test" name="test2" time="0.0"/>
  <testcase classname="practice_package.Sample2Test" name="test4" time="0.0">
    <ignored/>
  </testcase> <!-- test4 -->
  <testcase classname="practice_package.Sample1Test" name="test1" time="0.0">
    <ignored/>
  </testcase> <!-- test1 -->
</testsuite> <!-- Test -->
