<?xml version="1.0" encoding="UTF-8"?>
<testng-results ignored="0" total="4" passed="4" failed="0" skipped="0">
  <reporter-output>
  </reporter-output>
  <suite started-at="2022-11-17T16:53:54 IST" name="Command line suite" finished-at="2022-11-17T16:53:54 IST" duration-ms="184">
    <groups>
      <group name="regression">
        <method signature="Sample1Test.test2()[pri:0, instance:practice_package.Sample1Test@4f83df68]" name="test2" class="practice_package.Sample1Test"/>
        <method signature="Sample2Test.est3()[pri:0, instance:practice_package.Sample2Test@145f66e3]" name="est3" class="practice_package.Sample2Test"/>
      </group> <!-- regression -->
      <group name="smoke">
        <method signature="Sample1Test.test1()[pri:0, instance:practice_package.Sample1Test@4f83df68]" name="test1" class="practice_package.Sample1Test"/>
        <method signature="Sample2Test.test4()[pri:0, instance:practice_package.Sample2Test@145f66e3]" name="test4" class="practice_package.Sample2Test"/>
      </group> <!-- smoke -->
    </groups>
    <test started-at="2022-11-17T16:53:54 IST" name="Command line test" finished-at="2022-11-17T16:53:54 IST" duration-ms="184">
      <class name="practice_package.Sample2Test">
        <test-method signature="est3()[pri:0, instance:practice_package.Sample2Test@145f66e3]" started-at="2022-11-17T16:53:54 IST" name="est3" finished-at="2022-11-17T16:53:54 IST" duration-ms="0" status="PASS">
          <reporter-output>
          </reporter-output>
        </test-method> <!-- est3 -->
        <test-method signature="test4()[pri:0, instance:practice_package.Sample2Test@145f66e3]" started-at="2022-11-17T16:53:54 IST" name="test4" finished-at="2022-11-17T16:53:54 IST" duration-ms="0" status="PASS">
          <reporter-output>
          </reporter-output>
        </test-method> <!-- test4 -->
      </class> <!-- practice_package.Sample2Test -->
      <class name="practice_package.Sample1Test">
        <test-method signature="test1()[pri:0, instance:practice_package.Sample1Test@4f83df68]" started-at="2022-11-17T16:53:54 IST" name="test1" finished-at="2022-11-17T16:53:54 IST" duration-ms="0" status="PASS">
          <reporter-output>
          </reporter-output>
        </test-method> <!-- test1 -->
        <test-method signature="test2()[pri:0, instance:practice_package.Sample1Test@4f83df68]" started-at="2022-11-17T16:53:54 IST" name="test2" finished-at="2022-11-17T16:53:54 IST" duration-ms="0" status="PASS">
          <reporter-output>
          </reporter-output>
        </test-method> <!-- test2 -->
      </class> <!-- practice_package.Sample1Test -->
    </test> <!-- Command line test -->
  </suite> <!-- Command line suite -->
</testng-results>
