<?xml version="1.0" encoding="UTF-8"?>
<!-- Generated by org.testng.reporters.JUnitXMLReporter -->
<testsuite ignored="0" hostname="DESKTOP-7T671AG" failures="0" tests="4" name="Command line test" time="0.184" errors="0" timestamp="2022-11-17T16:53:54 IST">
  <testcase classname="practice_package.Sample1Test" name="test1" time="0.0"/>
  <testcase classname="practice_package.Sample1Test" name="test2" time="0.0"/>
  <testcase classname="practice_package.Sample2Test" name="est3" time="0.0"/>
  <testcase classname="practice_package.Sample2Test" name="test4" time="0.0"/>
</testsuite> <!-- Command line test -->
