<?xml version="1.0" encoding="UTF-8"?>
<testng-results ignored="2" total="4" passed="2" failed="0" skipped="0">
  <reporter-output>
  </reporter-output>
  <suite started-at="2022-11-17T16:52:12 IST" name="Suite" finished-at="2022-11-17T16:52:13 IST" duration-ms="219">
    <groups>
      <group name="regression">
        <method signature="Sample1Test.test2()[pri:0, instance:practice_package.Sample1Test@2053d869]" name="test2" class="practice_package.Sample1Test"/>
        <method signature="Sample2Test.est3()[pri:0, instance:practice_package.Sample2Test@550ee7e5]" name="est3" class="practice_package.Sample2Test"/>
      </group> <!-- regression -->
    </groups>
    <test started-at="2022-11-17T16:52:12 IST" name="Test" finished-at="2022-11-17T16:52:13 IST" duration-ms="219">
      <class name="practice_package.Sample2Test">
        <test-method signature="est3()[pri:0, instance:practice_package.Sample2Test@550ee7e5]" started-at="2022-11-17T16:52:12 IST" name="est3" finished-at="2022-11-17T16:52:12 IST" duration-ms="0" status="PASS">
          <reporter-output>
          </reporter-output>
        </test-method> <!-- est3 -->
      </class> <!-- practice_package.Sample2Test -->
      <class name="practice_package.Sample1Test">
        <test-method signature="test2()[pri:0, instance:practice_package.Sample1Test@2053d869]" started-at="2022-11-17T16:52:13 IST" name="test2" finished-at="2022-11-17T16:52:13 IST" duration-ms="0" status="PASS">
          <reporter-output>
          </reporter-output>
        </test-method> <!-- test2 -->
      </class> <!-- practice_package.Sample1Test -->
    </test> <!-- Test -->
  </suite> <!-- Suite -->
</testng-results>
